12/11/2018 21:37:03    401: User: admin2 logout
12/11/2018 21:37:04    403: User must to login.
12/11/2018 21:37:07    200: User admin post message.
12/11/2018 21:37:15    401: User: admin logout
12/11/2018 21:37:20    200: User admin2 post message.
21/11/2018 09:00:10    403: User must to login.
21/11/2018 09:01:10    403: User must to login.
21/11/2018 09:01:26    403: User must to login.
21/11/2018 09:01:41    403: User must to login.
21/11/2018 09:02:18    403: User must to login.
21/11/2018 09:03:26    403: User must to login.
21/11/2018 09:07:17    403: User must to login.
21/11/2018 09:07:32    403: User must to login.
21/11/2018 09:08:03    403: User must to login.
21/11/2018 09:09:17    403: User must to login.
21/11/2018 09:10:02    403: User must to login.
21/11/2018 09:10:24    403: User must to login.
21/11/2018 09:10:33    403: User must to login.
21/11/2018 09:10:35    403: User must to login.
21/11/2018 09:11:42    403: User must to login.
21/11/2018 09:12:10    403: User must to login.
21/11/2018 09:12:15    403: User must to login.
21/11/2018 09:12:18    403: User must to login.
21/11/2018 09:12:20    403: User must to login.
21/11/2018 09:17:15    403: User must to login.
21/11/2018 09:17:48    403: User must to login.
21/11/2018 09:19:06    403: User must to login.
21/11/2018 09:19:49    403: User must to login.
21/11/2018 09:21:25    403: User must to login.
21/11/2018 09:21:36    403: User must to login.
21/11/2018 09:22:29    403: User must to login.
21/11/2018 09:23:08    403: User must to login.
21/11/2018 09:23:27    403: User must to login.
21/11/2018 09:28:25    403: User must to login.
21/11/2018 09:30:09    403: User must to login.
21/11/2018 09:35:21    403: User must to login.
21/11/2018 09:35:52    403: User must to login.
21/11/2018 11:44:35    403: User must to login.
21/11/2018 11:45:24    403: User must to login.
21/11/2018 11:46:02    403: User must to login.
21/11/2018 11:47:16    403: User must to login.
21/11/2018 11:47:34    403: User must to login.
21/11/2018 11:47:42    403: User must to login.
21/11/2018 12:14:00    403: User must to login.
21/11/2018 12:19:52    403: User must to login.
21/11/2018 12:20:05    403: User must to login.
21/11/2018 12:20:21    403: User must to login.
21/11/2018 12:20:30    403: User must to login.
21/11/2018 12:20:59    403: User must to login.
21/11/2018 12:21:39    403: User must to login.
21/11/2018 12:22:15    403: User must to login.
21/11/2018 12:22:42    403: User must to login.
21/11/2018 12:22:49    403: User must to login.
21/11/2018 12:23:19    403: User must to login.
21/11/2018 12:23:31    403: User must to login.
21/11/2018 12:23:49    403: User must to login.
21/11/2018 12:23:57    403: User must to login.
21/11/2018 12:24:17    403: User must to login.
21/11/2018 12:24:39    403: User must to login.
21/11/2018 12:24:49    403: User must to login.
21/11/2018 12:26:18    403: User must to login.
21/11/2018 12:26:35    403: User must to login.
21/11/2018 12:27:30    403: User must to login.
21/11/2018 12:27:37    403: User must to login.
21/11/2018 12:36:42    403: User must to login.
21/11/2018 12:37:12    403: User must to login.
21/11/2018 12:37:21    403: User must to login.
21/11/2018 12:37:25    403: User must to login.
21/11/2018 12:40:57    403: User must to login.
21/11/2018 12:51:01    403: User must to login.
21/11/2018 12:52:41    403: User must to login.
21/11/2018 12:53:34    403: User must to login.
21/11/2018 12:54:31    403: User must to login.
21/11/2018 12:54:55    403: User must to login.
21/11/2018 12:55:38    403: User must to login.
21/11/2018 12:56:01    403: User must to login.
21/11/2018 12:56:10    403: User must to login.
21/11/2018 12:56:18    403: User must to login.
21/11/2018 12:56:18    403: User must to login.
21/11/2018 12:56:26    403: User must to login.
21/11/2018 12:56:34    403: User must to login.
21/11/2018 12:57:45    403: User must to login.
21/11/2018 12:59:49    403: User must to login.
21/11/2018 12:59:52    403: User must to login.
21/11/2018 12:59:55    403: User must to login.
21/11/2018 13:02:02    403: User must to login.
21/11/2018 13:02:13    403: User must to login.
21/11/2018 13:12:19    403: User must to login.
21/11/2018 13:14:30    403: User must to login.
21/11/2018 13:15:14    403: User must to login.
21/11/2018 13:15:26    403: User must to login.
21/11/2018 13:15:31    403: User must to login.
21/11/2018 13:17:30    403: User must to login.
21/11/2018 13:17:54    403: User must to login.
21/11/2018 13:18:11    403: User must to login.
21/11/2018 13:19:16    403: User must to login.
21/11/2018 13:19:35    403: User must to login.
21/11/2018 13:19:49    403: User must to login.
21/11/2018 13:20:24    403: User must to login.
21/11/2018 13:21:03    403: User must to login.
21/11/2018 13:21:34    403: User must to login.
21/11/2018 13:22:30    403: User must to login.
21/11/2018 13:23:38    403: User must to login.
21/11/2018 13:23:45    403: User must to login.
21/11/2018 13:23:45    403: User must to login.
21/11/2018 13:24:25    403: User must to login.
21/11/2018 13:24:40    401: Incorrect username or password.
21/11/2018 13:24:42    401: Incorrect username or password.
21/11/2018 13:24:46    401: Incorrect username or password.
21/11/2018 13:24:50    401: Incorrect username or password.
21/11/2018 13:27:09    403: User must to login.
21/11/2018 13:32:37    403: User must to login.
21/11/2018 13:32:48    403: User must to login.
21/11/2018 13:32:53    403: User must to login.
21/11/2018 14:59:08    403: User must to login.
21/11/2018 14:59:15    403: User must to login.
21/11/2018 14:59:53    403: User must to login.
21/11/2018 14:59:54    403: User must to login.
21/11/2018 15:00:50    403: User must to login.
21/11/2018 15:02:26    403: User must to login.
21/11/2018 15:03:23    403: User must to login.
21/11/2018 15:04:21    403: User must to login.
21/11/2018 15:04:24    403: User must to login.
21/11/2018 15:04:26    403: User must to login.
21/11/2018 15:04:26    403: User must to login.
21/11/2018 15:04:26    403: User must to login.
21/11/2018 15:04:34    403: User must to login.
21/11/2018 15:05:15    403: User must to login.
21/11/2018 15:05:26    403: User must to login.
21/11/2018 15:05:52    401: User: admin2 logout
21/11/2018 15:07:04    403: User must to login.
21/11/2018 15:07:08    403: User must to login.
21/11/2018 15:07:16    403: User must to login.
21/11/2018 15:07:20    403: User must to login.
21/11/2018 15:07:29    403: User must to login.
21/11/2018 15:07:31    403: User must to login.
21/11/2018 15:07:36    403: User must to login.
21/11/2018 15:08:51    403: User must to login.
21/11/2018 15:08:55    403: User must to login.
21/11/2018 15:09:05    403: User must to login.
21/11/2018 15:09:31    403: User must to login.
21/11/2018 15:09:34    403: User must to login.
21/11/2018 15:09:39    403: User must to login.
21/11/2018 15:09:55    403: User must to login.
21/11/2018 15:10:14    403: User must to login.
21/11/2018 15:10:38    403: User must to login.
21/11/2018 15:10:40    403: User must to login.
21/11/2018 15:19:21    403: User must to login.
21/11/2018 15:21:06    403: User must to login.
21/11/2018 15:21:18    403: User must to login.
21/11/2018 15:34:11    403: User must to login.
21/11/2018 15:34:17    403: User must to login.
21/11/2018 15:34:33    403: User must to login.
21/11/2018 15:34:42    403: User must to login.
21/11/2018 15:34:47    403: User must to login.
21/11/2018 15:35:01    403: User must to login.
21/11/2018 15:35:16    403: User must to login.
21/11/2018 15:37:07    403: User must to login.
21/11/2018 15:38:45    403: User must to login.
21/11/2018 15:38:51    403: User must to login.
21/11/2018 15:38:56    403: User must to login.
21/11/2018 15:42:11    403: User must to login.
21/11/2018 15:42:43    403: User must to login.
21/11/2018 18:24:04    403: User must to login.
21/11/2018 18:26:33    403: User must to login.
22/11/2018 12:21:48    200: User admin post message.
22/11/2018 12:22:12    401: User: admin logout
22/11/2018 12:24:42    401: Incorrect password.
22/11/2018 12:31:24    200: User admin post message.
22/11/2018 12:31:25    401: User: admin logout
22/11/2018 12:31:34    200: User usertest post message.
22/11/2018 12:31:35    401: User: usertest logout
22/11/2018 12:31:38    401: Incorrect username or password.
22/11/2018 12:31:45    401: Incorrect username or password.
22/11/2018 12:31:49    401: User: usertest logout
22/11/2018 12:32:08    401: Incorrect username or password.
22/11/2018 12:32:32    401: Incorrect username or password.
22/11/2018 12:35:04    401: Incorrect username or password.
22/11/2018 12:35:04    401: Incorrect username or password.
22/11/2018 12:35:05    401: Incorrect username or password.
22/11/2018 12:35:05    401: Incorrect username or password.
22/11/2018 12:35:18    401: Incorrect username or password.
22/11/2018 12:35:18    401: Incorrect username or password.
22/11/2018 12:35:21    401: Incorrect username or password.
22/11/2018 12:35:21    401: Incorrect username or password.
22/11/2018 12:36:09    401: Incorrect username or password.
22/11/2018 12:36:10    401: Incorrect username or password.
22/11/2018 12:36:12    401: Incorrect username or password.
22/11/2018 12:38:09    401: Incorrect username or password.
22/11/2018 12:38:10    401: Incorrect username or password.
22/11/2018 12:38:11    401: Incorrect username or password.
22/11/2018 12:38:12    401: Incorrect username or password.
22/11/2018 12:38:26    401: Incorrect username or password.
22/11/2018 12:38:28    401: Incorrect username or password.
22/11/2018 12:39:26    401: Incorrect username or password.
22/11/2018 12:40:02    401: Incorrect username or password.
22/11/2018 12:42:31    401: Incorrect username or password.
22/11/2018 12:46:12    403: User already login.
22/11/2018 12:46:16    403: User already login.
22/11/2018 12:46:20    401: User: admin logout
22/11/2018 12:46:32    401: Incorrect username or password.
22/11/2018 12:46:36    403: User already login.
22/11/2018 12:46:44    403: User already login.
22/11/2018 12:46:58    403: User already login.
22/11/2018 12:47:04    401: User: admin logout
22/11/2018 12:47:13    403: User must to login.
22/11/2018 12:47:17    403: User must to login.
22/11/2018 12:47:49    403: User already login.
22/11/2018 12:47:49    403: User already login.
22/11/2018 12:47:56    401: User: admin logout
22/11/2018 12:48:05    401: Incorrect username or password.
22/11/2018 12:48:09    401: Incorrect username or password.
22/11/2018 12:48:11    401: Incorrect username or password.
22/11/2018 12:48:12    401: Incorrect username or password.
22/11/2018 12:48:13    401: Incorrect username or password.
22/11/2018 12:48:15    403: User already login.
22/11/2018 12:49:22    403: User already login.
22/11/2018 12:49:25    401: User: admin logout
22/11/2018 12:49:25    403: User must to login.
22/11/2018 12:49:28    403: User must to login.
22/11/2018 12:49:33    401: Incorrect username or password.
22/11/2018 12:49:38    403: User already login.
22/11/2018 12:49:58    401: Incorrect username or password.
22/11/2018 12:49:59    401: Incorrect username or password.
22/11/2018 12:50:07    401: User: admin logout
22/11/2018 12:50:11    401: Incorrect username or password.
22/11/2018 12:50:34    401: User: admin logout
22/11/2018 12:51:32    401: Incorrect username or password.
22/11/2018 12:52:01    403: User already login.
22/11/2018 12:52:16    401: User: admin logout
22/11/2018 12:52:16    403: User must to login.
22/11/2018 12:52:20    403: User must to login.
22/11/2018 12:52:33    403: User already login.
22/11/2018 12:52:34    403: User already login.
22/11/2018 12:52:35    401: User: admin logout
22/11/2018 12:52:36    403: User must to login.
22/11/2018 12:52:46    403: User must to login.
22/11/2018 12:52:46    403: User must to login.
22/11/2018 12:52:53    401: Incorrect username or password.
22/11/2018 12:53:06    401: User: admin logout
22/11/2018 12:53:16    401: User: admin logout
22/11/2018 12:53:20    401: Incorrect username or password.
22/11/2018 12:53:23    401: User: admin logout
22/11/2018 12:55:00    403: User must to login.
22/11/2018 12:55:01    403: User must to login.
22/11/2018 12:55:14    403: User already login.
22/11/2018 12:55:36    403: User already login.
22/11/2018 12:55:37    403: User already login.
22/11/2018 12:55:41    401: User: admin logout
22/11/2018 12:55:42    403: User must to login.
22/11/2018 12:55:53    401: User: admin logout
22/11/2018 12:55:56    403: User must to login.
22/11/2018 12:56:07    403: User already login.
22/11/2018 12:56:11    401: User: admin logout
22/11/2018 12:56:15    401: Incorrect username or password.
22/11/2018 12:56:19    401: Incorrect username or password.
22/11/2018 12:57:28    401: Incorrect username or password.
22/11/2018 12:57:33    403: User must to login.
22/11/2018 12:57:41    401: User: admin logout
22/11/2018 12:57:44    401: Incorrect username or password.
22/11/2018 14:24:16    403: User must to login.
22/11/2018 14:24:29    403: User must to login.
22/11/2018 14:24:32    403: User must to login.
22/11/2018 14:25:04    403: User must to login.
22/11/2018 14:25:30    403: User must to login.
22/11/2018 14:25:32    403: User must to login.
22/11/2018 14:25:44    403: User must to login.
22/11/2018 14:25:45    403: User must to login.
22/11/2018 14:25:47    403: User must to login.
22/11/2018 14:26:53    403: User must to login.
22/11/2018 14:27:14    403: User must to login.
22/11/2018 14:27:16    403: User must to login.
22/11/2018 14:27:17    403: User must to login.
22/11/2018 14:27:20    403: User must to login.
22/11/2018 14:28:20    403: User must to login.
22/11/2018 14:28:21    403: User must to login.
22/11/2018 14:28:38    403: User must to login.
22/11/2018 14:28:48    403: User must to login.
22/11/2018 14:28:57    403: User must to login.
22/11/2018 14:29:13    403: User must to login.
22/11/2018 14:29:39    403: User must to login.
22/11/2018 14:29:42    403: User must to login.
22/11/2018 14:29:49    403: User must to login.
22/11/2018 15:46:47    403: User must to login.
22/11/2018 23:11:45    403: User must to login.
22/11/2018 23:30:42    403: User must to login.
22/11/2018 23:37:48    403: User must to login.
22/11/2018 23:38:39    401: User already login.
22/11/2018 23:38:42    401: User already login.
22/11/2018 23:38:49    401: User: admin logout
22/11/2018 23:39:02    403: User must to login.
22/11/2018 23:48:13    401: incorrect username or password
22/11/2018 23:48:45    401: incorrect username or password
22/11/2018 23:48:47    401: incorrect username or password
22/11/2018 23:48:49    401: incorrect username or password
22/11/2018 23:49:03    401: incorrect username or password
22/11/2018 23:58:36    200: User admin2 post message.
22/11/2018 23:58:45    200: User admin2 post message.
22/11/2018 23:58:52    200: User admin2 post empty message.
22/11/2018 23:58:53    200: User admin2 post empty message.
23/11/2018 00:01:26    403: User must to login.
23/11/2018 00:14:40    401: User: admin logout
23/11/2018 00:14:41    403: User must to login.
23/11/2018 00:14:55    200: User admin post message.
23/11/2018 00:14:59    200: User admin post message.
23/11/2018 00:16:03    200: User admin post message.
23/11/2018 00:16:06    200: User admin post message.
23/11/2018 00:16:08    200: User admin post message.
23/11/2018 00:58:12    200: User admin post message.
23/11/2018 01:04:17    200: User admin post message.
23/11/2018 01:04:19    200: User admin post message.
23/11/2018 01:04:22    200: User admin post message.
23/11/2018 01:05:07    200: User admin post message.
23/11/2018 10:23:49    401: User: admin logout
