28/10/2018 02:23:44    200: User: admin get messages.
28/10/2018 02:24:13    200: User: admin get messages.
28/10/2018 02:25:24    401: User: admin logout
28/10/2018 02:25:25    403: User must to login.
28/10/2018 02:26:02    403: User must to login.
28/10/2018 02:26:04    403: User must to login.
28/10/2018 02:26:11    200: Incorrect username or password.
28/10/2018 02:26:20    200: User login.
28/10/2018 02:26:20    200: User login.
28/10/2018 02:26:28    404: Database dose not exist /home/tolian/public_html/shpp/ps5_ajax/json/chatdata.json
28/10/2018 09:05:35    403: User must to login.
28/10/2018 09:05:49    200: User login.
28/10/2018 09:05:53    200: User: admin get messages.
28/10/2018 09:05:56    200: User: admin get messages.
28/10/2018 09:05:58    200: User: admin get messages.
28/10/2018 09:06:12    200: User: admin get messages.
28/10/2018 09:06:49    200: User: admin get messages.
28/10/2018 09:07:20    200: User: admin get messages.
28/10/2018 09:10:29    200: User: admin get messages.
28/10/2018 09:11:57    200: User: admin get messages.
29/10/2018 14:47:07    200: User: admin get messages.
29/10/2018 18:58:36    200: User: admin get messages.
29/10/2018 19:05:49    200: User: admin get messages.
29/10/2018 19:05:50    200: User: admin get messages.
29/10/2018 19:07:22    200: User: admin get messages.
29/10/2018 19:07:22    200: User: admin get messages.
29/10/2018 19:07:23    200: User: admin get messages.
29/10/2018 19:07:24    200: User: admin get messages.
29/10/2018 19:07:24    401: User: admin logout
29/10/2018 19:07:26    403: User must to login.
29/10/2018 19:07:26    403: User must to login.
29/10/2018 19:07:31    403: User must to login.
29/10/2018 19:07:36    200: User login.
29/10/2018 19:07:36    200: User: admin get messages.
29/10/2018 19:07:37    200: User: admin get messages.
29/10/2018 19:07:38    200: User: admin get messages.
29/10/2018 19:07:38    200: Useradminpost message.
29/10/2018 19:07:38    200: User: admin get messages.
29/10/2018 19:07:39    200: User: admin get messages.
29/10/2018 19:07:41    200: User: admin get messages.
29/10/2018 19:07:41    200: User: admin get messages.
29/10/2018 19:07:43    200: User: admin get messages.
29/10/2018 19:07:44    200: User: admin get messages.
29/10/2018 19:07:45    200: User: admin get messages.
29/10/2018 19:07:46    200: User: admin get messages.
29/10/2018 19:07:47    200: User: admin get messages.
29/10/2018 19:07:48    200: User: admin get messages.
29/10/2018 19:07:49    200: User: admin get messages.
29/10/2018 19:07:50    200: User: admin get messages.
29/10/2018 19:07:51    200: User: admin get messages.
29/10/2018 19:07:52    200: User: admin get messages.
29/10/2018 19:07:54    200: User: admin get messages.
29/10/2018 19:07:55    200: User: admin get messages.
29/10/2018 19:07:56    200: User: admin get messages.
29/10/2018 19:07:57    200: User: admin get messages.
29/10/2018 19:07:59    200: User: admin get messages.
29/10/2018 19:08:01    200: User: admin get messages.
29/10/2018 19:08:05    200: User: admin get messages.
29/10/2018 19:08:10    200: User: admin get messages.
29/10/2018 19:08:12    200: User: admin get messages.
29/10/2018 19:08:14    200: User: admin get messages.
29/10/2018 19:08:16    200: User: admin get messages.
29/10/2018 19:08:18    200: User: admin get messages.
29/10/2018 19:08:22    200: User: admin get messages.
29/10/2018 19:08:24    200: User: admin get messages.
29/10/2018 19:08:26    200: User: admin get messages.
29/10/2018 19:08:28    200: User: admin get messages.
29/10/2018 19:08:30    200: User: admin get messages.
29/10/2018 19:08:32    200: User: admin get messages.
29/10/2018 19:08:34    200: User: admin get messages.
29/10/2018 19:08:36    200: User: admin get messages.
29/10/2018 19:08:38    200: User: admin get messages.
29/10/2018 19:08:40    200: User: admin get messages.
29/10/2018 19:08:42    200: User: admin get messages.
29/10/2018 19:08:44    200: User: admin get messages.
29/10/2018 19:08:46    200: User: admin get messages.
29/10/2018 19:08:48    200: User: admin get messages.
29/10/2018 19:08:50    200: User: admin get messages.
29/10/2018 19:08:52    200: User: admin get messages.
29/10/2018 19:08:54    200: User: admin get messages.
29/10/2018 19:08:56    200: User: admin get messages.
29/10/2018 19:08:58    200: User: admin get messages.
29/10/2018 19:09:00    200: User: admin get messages.
29/10/2018 19:09:02    200: User: admin get messages.
29/10/2018 19:09:04    200: User: admin get messages.
29/10/2018 19:09:06    200: User: admin get messages.
29/10/2018 19:09:08    200: User: admin get messages.
29/10/2018 19:09:10    200: User: admin get messages.
29/10/2018 19:09:12    200: User: admin get messages.
29/10/2018 19:09:14    200: User: admin get messages.
29/10/2018 19:09:16    200: User: admin get messages.
29/10/2018 19:09:18    200: User: admin get messages.
29/10/2018 19:09:20    200: User: admin get messages.
29/10/2018 19:09:22    200: User: admin get messages.
29/10/2018 19:09:24    200: User: admin get messages.
29/10/2018 19:09:26    200: User: admin get messages.
29/10/2018 19:09:28    200: User: admin get messages.
29/10/2018 19:09:30    200: User: admin get messages.
29/10/2018 19:09:32    200: User: admin get messages.
29/10/2018 19:09:34    200: User: admin get messages.
29/10/2018 19:09:36    200: User: admin get messages.
29/10/2018 19:09:38    200: User: admin get messages.
29/10/2018 19:09:40    200: User: admin get messages.
29/10/2018 19:09:42    200: User: admin get messages.
29/10/2018 19:09:44    200: User: admin get messages.
29/10/2018 19:09:46    200: User: admin get messages.
29/10/2018 19:09:48    200: User: admin get messages.
29/10/2018 19:09:50    200: User: admin get messages.
29/10/2018 19:09:52    200: User: admin get messages.
29/10/2018 19:09:54    200: User: admin get messages.
29/10/2018 19:09:56    200: User: admin get messages.
29/10/2018 19:09:58    200: User: admin get messages.
29/10/2018 19:10:00    200: User: admin get messages.
29/10/2018 19:10:02    200: User: admin get messages.
29/10/2018 19:10:04    200: User: admin get messages.
29/10/2018 19:10:06    200: User: admin get messages.
29/10/2018 19:10:08    200: User: admin get messages.
29/10/2018 19:10:10    200: User: admin get messages.
29/10/2018 19:10:12    200: User: admin get messages.
29/10/2018 19:10:14    200: User: admin get messages.
29/10/2018 19:10:16    200: User: admin get messages.
29/10/2018 19:10:18    200: User: admin get messages.
29/10/2018 19:10:20    200: User: admin get messages.
29/10/2018 19:10:22    200: User: admin get messages.
29/10/2018 19:10:24    200: User: admin get messages.
29/10/2018 19:10:26    200: User: admin get messages.
29/10/2018 19:10:28    200: User: admin get messages.
29/10/2018 19:10:30    200: User: admin get messages.
29/10/2018 19:10:32    200: User: admin get messages.
29/10/2018 19:10:34    200: User: admin get messages.
29/10/2018 19:10:36    200: User: admin get messages.
29/10/2018 19:10:38    200: User: admin get messages.
29/10/2018 19:10:40    200: User: admin get messages.
29/10/2018 19:10:43    200: User: admin get messages.
29/10/2018 19:10:45    200: User: admin get messages.
29/10/2018 19:10:47    200: User: admin get messages.
29/10/2018 19:10:49    200: User: admin get messages.
29/10/2018 19:10:51    200: User: admin get messages.
29/10/2018 19:10:53    200: User: admin get messages.
29/10/2018 19:10:55    200: User: admin get messages.
29/10/2018 19:10:57    200: User: admin get messages.
29/10/2018 19:10:59    200: User: admin get messages.
29/10/2018 19:11:01    200: User: admin get messages.
29/10/2018 19:11:03    200: User: admin get messages.
29/10/2018 19:11:05    200: User: admin get messages.
29/10/2018 19:11:07    200: User: admin get messages.
29/10/2018 19:11:09    200: User: admin get messages.
29/10/2018 19:11:11    200: User: admin get messages.
29/10/2018 19:11:13    200: User: admin get messages.
29/10/2018 19:11:15    200: User: admin get messages.
29/10/2018 19:11:17    200: User: admin get messages.
29/10/2018 19:11:19    200: User: admin get messages.
29/10/2018 19:11:21    200: User: admin get messages.
29/10/2018 19:11:23    200: User: admin get messages.
29/10/2018 19:11:25    200: User: admin get messages.
29/10/2018 19:11:27    200: User: admin get messages.
29/10/2018 19:11:29    200: User: admin get messages.
29/10/2018 19:11:31    200: User: admin get messages.
29/10/2018 19:11:33    200: User: admin get messages.
29/10/2018 19:11:35    200: User: admin get messages.
29/10/2018 19:11:37    200: User: admin get messages.
29/10/2018 19:11:39    200: User: admin get messages.
29/10/2018 19:11:41    200: User: admin get messages.
29/10/2018 19:11:43    200: User: admin get messages.
29/10/2018 19:11:45    200: User: admin get messages.
29/10/2018 19:11:47    200: User: admin get messages.
29/10/2018 19:11:48    200: User: admin get messages.
29/10/2018 19:11:49    200: User: admin get messages.
29/10/2018 19:11:50    200: User: admin get messages.
29/10/2018 19:11:51    200: User: admin get messages.
29/10/2018 19:11:52    200: User: admin get messages.
29/10/2018 19:11:53    200: User: admin get messages.
29/10/2018 19:11:54    200: User: admin get messages.
29/10/2018 19:11:55    200: User: admin get messages.
29/10/2018 19:11:56    200: User: admin get messages.
29/10/2018 19:11:57    200: User: admin get messages.
29/10/2018 19:11:58    200: User: admin get messages.
29/10/2018 19:12:00    200: User: admin get messages.
29/10/2018 19:12:01    200: User: admin get messages.
29/10/2018 19:12:02    200: User: admin get messages.
29/10/2018 19:12:03    200: User: admin get messages.
29/10/2018 19:12:04    200: User: admin get messages.
29/10/2018 19:12:05    200: User: admin get messages.
29/10/2018 19:12:06    200: User: admin get messages.
29/10/2018 19:12:07    200: User: admin get messages.
29/10/2018 19:12:08    200: User: admin get messages.
29/10/2018 19:12:09    200: User: admin get messages.
29/10/2018 19:12:10    200: User: admin get messages.
29/10/2018 19:12:11    200: User: admin get messages.
29/10/2018 19:12:12    200: User: admin get messages.
29/10/2018 19:12:13    200: User: admin get messages.
29/10/2018 19:12:14    200: User: admin get messages.
29/10/2018 19:12:15    200: User: admin get messages.
29/10/2018 19:12:16    200: User: admin get messages.
29/10/2018 19:12:17    200: User: admin get messages.
29/10/2018 19:12:18    200: User: admin get messages.
29/10/2018 19:12:19    200: User: admin get messages.
29/10/2018 19:12:20    200: User: admin get messages.
29/10/2018 19:12:21    200: User: admin get messages.
29/10/2018 19:12:22    200: User: admin get messages.
29/10/2018 19:12:24    200: User: admin get messages.
29/10/2018 19:12:25    200: User: admin get messages.
29/10/2018 19:12:26    200: User: admin get messages.
29/10/2018 19:12:27    200: User: admin get messages.
29/10/2018 19:12:28    200: User: admin get messages.
29/10/2018 19:12:29    200: User: admin get messages.
29/10/2018 19:12:30    200: User: admin get messages.
29/10/2018 19:12:31    200: User: admin get messages.
29/10/2018 19:12:32    200: User: admin get messages.
29/10/2018 19:12:33    200: User: admin get messages.
29/10/2018 19:12:34    200: User: admin get messages.
29/10/2018 19:12:35    200: User: admin get messages.
29/10/2018 19:12:36    200: User: admin get messages.
29/10/2018 19:12:37    200: User: admin get messages.
29/10/2018 19:12:38    200: User: admin get messages.
29/10/2018 19:12:39    200: User: admin get messages.
29/10/2018 19:12:40    200: User: admin get messages.
29/10/2018 19:12:41    200: User: admin get messages.
29/10/2018 19:12:42    200: User: admin get messages.
29/10/2018 19:12:43    200: User: admin get messages.
29/10/2018 19:12:45    200: User: admin get messages.
29/10/2018 19:12:46    200: User: admin get messages.
29/10/2018 19:12:47    200: User: admin get messages.
29/10/2018 19:12:48    200: User: admin get messages.
29/10/2018 19:12:49    200: User: admin get messages.
29/10/2018 19:12:52    200: User: admin get messages.
29/10/2018 19:12:54    200: User: admin get messages.
29/10/2018 19:12:56    200: User: admin get messages.
29/10/2018 19:12:58    200: User: admin get messages.
29/10/2018 19:13:00    200: User: admin get messages.
29/10/2018 19:13:02    200: User: admin get messages.
29/10/2018 19:13:04    200: User: admin get messages.
29/10/2018 19:13:06    200: User: admin get messages.
29/10/2018 19:13:08    200: User: admin get messages.
29/10/2018 19:13:10    200: User: admin get messages.
29/10/2018 19:13:12    200: User: admin get messages.
29/10/2018 19:13:14    200: User: admin get messages.
29/10/2018 19:13:16    200: User: admin get messages.
29/10/2018 19:13:18    200: User: admin get messages.
29/10/2018 19:13:20    200: User: admin get messages.
29/10/2018 19:13:22    200: User: admin get messages.
29/10/2018 19:13:24    200: User: admin get messages.
29/10/2018 19:13:26    200: User: admin get messages.
29/10/2018 19:13:28    200: User: admin get messages.
29/10/2018 19:13:30    200: User: admin get messages.
29/10/2018 19:13:32    200: User: admin get messages.
29/10/2018 19:13:34    200: User: admin get messages.
29/10/2018 19:13:36    200: User: admin get messages.
29/10/2018 19:13:38    200: User: admin get messages.
29/10/2018 19:13:40    200: User: admin get messages.
29/10/2018 19:13:42    200: User: admin get messages.
29/10/2018 19:13:44    200: User: admin get messages.
29/10/2018 19:13:46    200: User: admin get messages.
29/10/2018 19:13:49    200: User: admin get messages.
29/10/2018 19:13:50    200: User: admin get messages.
29/10/2018 19:13:52    200: User: admin get messages.
29/10/2018 19:13:54    200: User: admin get messages.
29/10/2018 19:13:56    200: User: admin get messages.
29/10/2018 19:13:58    200: User: admin get messages.
29/10/2018 19:14:00    200: User: admin get messages.
29/10/2018 19:14:02    200: User: admin get messages.
29/10/2018 19:14:04    200: User: admin get messages.
29/10/2018 19:14:06    200: User: admin get messages.
29/10/2018 19:14:08    200: User: admin get messages.
29/10/2018 19:14:10    200: User: admin get messages.
29/10/2018 19:14:12    200: User: admin get messages.
29/10/2018 19:14:14    200: User: admin get messages.
29/10/2018 19:14:16    200: User: admin get messages.
29/10/2018 19:14:18    200: User: admin get messages.
29/10/2018 19:14:20    200: User: admin get messages.
29/10/2018 19:14:22    200: User: admin get messages.
29/10/2018 19:14:24    200: User: admin get messages.
29/10/2018 19:14:26    200: User: admin get messages.
29/10/2018 19:14:28    200: User: admin get messages.
29/10/2018 19:14:30    200: User: admin get messages.
29/10/2018 19:14:32    200: User: admin get messages.
29/10/2018 19:14:34    200: User: admin get messages.
29/10/2018 19:14:36    200: User: admin get messages.
29/10/2018 19:14:39    200: User: admin get messages.
29/10/2018 19:14:40    200: User: admin get messages.
29/10/2018 19:14:42    200: User: admin get messages.
29/10/2018 19:14:44    200: User: admin get messages.
29/10/2018 19:14:46    200: User: admin get messages.
29/10/2018 19:14:48    200: User: admin get messages.
29/10/2018 19:14:50    200: User: admin get messages.
29/10/2018 19:14:52    200: User: admin get messages.
29/10/2018 19:14:54    200: User: admin get messages.
29/10/2018 19:14:56    200: User: admin get messages.
29/10/2018 19:14:58    200: User: admin get messages.
29/10/2018 19:15:00    200: User: admin get messages.
29/10/2018 19:15:02    200: User: admin get messages.
29/10/2018 19:15:04    200: User: admin get messages.
29/10/2018 19:15:06    200: User: admin get messages.
29/10/2018 19:15:08    200: User: admin get messages.
29/10/2018 19:15:10    200: User: admin get messages.
29/10/2018 19:15:12    200: User: admin get messages.
29/10/2018 19:15:14    200: User: admin get messages.
29/10/2018 19:15:16    200: User: admin get messages.
29/10/2018 19:15:18    200: User: admin get messages.
29/10/2018 19:15:20    200: User: admin get messages.
29/10/2018 19:15:22    200: User: admin get messages.
29/10/2018 19:15:24    200: User: admin get messages.
29/10/2018 19:15:26    200: User: admin get messages.
29/10/2018 19:15:28    200: User: admin get messages.
29/10/2018 19:15:30    200: User: admin get messages.
29/10/2018 19:15:32    200: User: admin get messages.
29/10/2018 19:15:34    200: User: admin get messages.
29/10/2018 19:15:36    200: User: admin get messages.
29/10/2018 19:15:38    200: User: admin get messages.
29/10/2018 19:15:40    200: User: admin get messages.
29/10/2018 19:15:42    200: User: admin get messages.
29/10/2018 19:15:44    200: User: admin get messages.
29/10/2018 19:15:46    200: User: admin get messages.
29/10/2018 19:15:48    200: User: admin get messages.
29/10/2018 19:15:50    200: User: admin get messages.
29/10/2018 19:15:52    200: User: admin get messages.
29/10/2018 19:15:54    200: User: admin get messages.
29/10/2018 19:15:56    200: User: admin get messages.
29/10/2018 19:15:58    200: User: admin get messages.
29/10/2018 19:16:00    200: User: admin get messages.
29/10/2018 19:16:02    200: User: admin get messages.
29/10/2018 19:16:04    200: User: admin get messages.
29/10/2018 19:16:06    200: User: admin get messages.
29/10/2018 19:16:08    200: User: admin get messages.
29/10/2018 19:16:10    200: User: admin get messages.
29/10/2018 19:16:12    200: User: admin get messages.
29/10/2018 19:16:14    200: User: admin get messages.
29/10/2018 19:16:16    200: User: admin get messages.
29/10/2018 19:16:18    200: User: admin get messages.
29/10/2018 19:16:20    200: User: admin get messages.
29/10/2018 19:16:22    200: User: admin get messages.
29/10/2018 19:16:24    200: User: admin get messages.
29/10/2018 19:16:26    200: User: admin get messages.
29/10/2018 19:16:28    200: User: admin get messages.
29/10/2018 19:16:30    200: User: admin get messages.
29/10/2018 19:16:32    200: User: admin get messages.
29/10/2018 19:16:34    200: User: admin get messages.
29/10/2018 19:16:36    200: User: admin get messages.
29/10/2018 19:16:38    200: User: admin get messages.
29/10/2018 19:16:40    200: User: admin get messages.
29/10/2018 19:16:42    200: User: admin get messages.
29/10/2018 19:16:44    200: User: admin get messages.
29/10/2018 19:16:46    200: User: admin get messages.
29/10/2018 19:16:48    200: User: admin get messages.
29/10/2018 19:16:50    200: User: admin get messages.
29/10/2018 19:16:52    200: User: admin get messages.
29/10/2018 19:16:54    200: User: admin get messages.
29/10/2018 19:16:56    200: User: admin get messages.
29/10/2018 19:16:58    200: User: admin get messages.
29/10/2018 19:17:00    200: User: admin get messages.
29/10/2018 19:17:02    200: User: admin get messages.
29/10/2018 19:17:04    200: User: admin get messages.
29/10/2018 19:17:06    200: User: admin get messages.
29/10/2018 19:17:08    200: User: admin get messages.
29/10/2018 19:17:10    200: User: admin get messages.
29/10/2018 19:17:12    200: User: admin get messages.
29/10/2018 19:17:14    200: User: admin get messages.
29/10/2018 19:17:16    200: User: admin get messages.
29/10/2018 19:17:18    200: User: admin get messages.
29/10/2018 19:17:20    200: User: admin get messages.
29/10/2018 19:17:22    200: User: admin get messages.
29/10/2018 19:17:24    200: User: admin get messages.
29/10/2018 19:17:26    200: User: admin get messages.
29/10/2018 19:17:28    200: User: admin get messages.
29/10/2018 19:17:30    200: User: admin get messages.
29/10/2018 19:17:32    200: User: admin get messages.
29/10/2018 19:17:34    200: User: admin get messages.
29/10/2018 19:17:36    200: User: admin get messages.
29/10/2018 19:17:38    200: User: admin get messages.
29/10/2018 19:17:40    200: User: admin get messages.
29/10/2018 19:17:42    200: User: admin get messages.
29/10/2018 19:17:44    200: User: admin get messages.
29/10/2018 19:17:46    200: User: admin get messages.
29/10/2018 19:17:48    200: User: admin get messages.
29/10/2018 19:17:50    200: User: admin get messages.
29/10/2018 19:17:52    200: User: admin get messages.
29/10/2018 19:17:54    200: User: admin get messages.
29/10/2018 19:17:56    200: User: admin get messages.
29/10/2018 19:17:58    200: User: admin get messages.
29/10/2018 19:18:00    200: User: admin get messages.
29/10/2018 19:18:02    200: User: admin get messages.
29/10/2018 19:18:04    200: User: admin get messages.
29/10/2018 19:18:06    200: User: admin get messages.
29/10/2018 19:18:08    200: User: admin get messages.
29/10/2018 19:18:10    200: User: admin get messages.
29/10/2018 19:18:12    200: User: admin get messages.
29/10/2018 19:18:14    200: User: admin get messages.
29/10/2018 19:18:16    200: User: admin get messages.
29/10/2018 19:18:19    200: User: admin get messages.
29/10/2018 19:18:20    200: User: admin get messages.
29/10/2018 19:18:22    200: User: admin get messages.
29/10/2018 19:18:24    200: User: admin get messages.
29/10/2018 19:18:26    200: User: admin get messages.
29/10/2018 19:18:28    200: User: admin get messages.
29/10/2018 19:18:30    200: User: admin get messages.
29/10/2018 19:18:32    200: User: admin get messages.
29/10/2018 19:18:34    200: User: admin get messages.
29/10/2018 19:18:36    200: User: admin get messages.
29/10/2018 19:18:38    200: User: admin get messages.
29/10/2018 19:18:40    200: User: admin get messages.
29/10/2018 19:18:42    200: User: admin get messages.
29/10/2018 19:18:44    200: User: admin get messages.
29/10/2018 19:18:46    200: User: admin get messages.
29/10/2018 19:18:48    200: User: admin get messages.
29/10/2018 19:18:50    200: User: admin get messages.
29/10/2018 19:18:52    200: User: admin get messages.
29/10/2018 19:18:54    200: User: admin get messages.
29/10/2018 19:18:56    200: User: admin get messages.
29/10/2018 19:18:58    200: User: admin get messages.
29/10/2018 19:19:00    200: User: admin get messages.
29/10/2018 19:19:02    200: User: admin get messages.
29/10/2018 19:19:04    200: User: admin get messages.
29/10/2018 19:19:06    200: User: admin get messages.
29/10/2018 19:19:08    200: User: admin get messages.
29/10/2018 19:19:10    200: User: admin get messages.
29/10/2018 19:19:12    200: User: admin get messages.
29/10/2018 19:19:14    200: User: admin get messages.
29/10/2018 19:19:16    200: User: admin get messages.
29/10/2018 19:19:18    200: User: admin get messages.
29/10/2018 19:19:20    200: User: admin get messages.
29/10/2018 19:19:22    200: User: admin get messages.
29/10/2018 19:19:24    200: User: admin get messages.
29/10/2018 19:19:26    200: User: admin get messages.
29/10/2018 19:19:28    200: User: admin get messages.
29/10/2018 19:19:30    200: User: admin get messages.
29/10/2018 19:19:32    200: User: admin get messages.
29/10/2018 19:19:34    200: User: admin get messages.
29/10/2018 19:19:36    200: User: admin get messages.
29/10/2018 19:19:38    200: User: admin get messages.
29/10/2018 19:19:40    200: User: admin get messages.
29/10/2018 19:19:42    200: User: admin get messages.
29/10/2018 19:19:44    200: User: admin get messages.
29/10/2018 19:19:46    200: User: admin get messages.
29/10/2018 19:19:48    200: User: admin get messages.
29/10/2018 19:19:50    200: User: admin get messages.
29/10/2018 19:19:52    200: User: admin get messages.
29/10/2018 19:19:54    200: User: admin get messages.
29/10/2018 19:19:56    200: User: admin get messages.
29/10/2018 19:19:58    200: User: admin get messages.
29/10/2018 19:20:00    200: User: admin get messages.
29/10/2018 19:20:02    200: User: admin get messages.
29/10/2018 19:20:04    200: User: admin get messages.
29/10/2018 19:20:06    200: User: admin get messages.
29/10/2018 19:20:08    200: User: admin get messages.
29/10/2018 19:20:10    200: User: admin get messages.
29/10/2018 19:20:12    200: User: admin get messages.
29/10/2018 19:20:14    200: User: admin get messages.
29/10/2018 19:20:16    200: User: admin get messages.
29/10/2018 19:20:18    200: User: admin get messages.
29/10/2018 19:20:20    200: User: admin get messages.
29/10/2018 19:20:22    200: User: admin get messages.
29/10/2018 19:20:24    200: User: admin get messages.
29/10/2018 19:20:26    200: User: admin get messages.
29/10/2018 19:20:28    200: User: admin get messages.
29/10/2018 19:20:30    200: User: admin get messages.
29/10/2018 19:20:31    200: User: admin get messages.
29/10/2018 19:20:33    200: User: admin get messages.
29/10/2018 19:20:33    401: User: admin logout
29/10/2018 19:21:15    403: User must to login.
29/10/2018 19:21:16    403: User must to login.
29/10/2018 19:22:08    403: User must to login.
29/10/2018 19:22:09    403: User must to login.
29/10/2018 19:22:15    403: User must to login.
29/10/2018 19:26:23    403: User must to login.
29/10/2018 19:27:02    403: User must to login.
29/10/2018 19:27:12    403: User must to login.
29/10/2018 19:27:29    403: User must to login.
29/10/2018 19:27:29    403: User must to login.
29/10/2018 19:27:48    403: User must to login.
29/10/2018 19:27:49    403: User must to login.
29/10/2018 19:28:09    403: User must to login.
29/10/2018 19:28:16    403: User must to login.
29/10/2018 19:28:39    403: User must to login.
29/10/2018 19:29:58    403: User must to login.
29/10/2018 19:30:28    403: User must to login.
29/10/2018 19:31:09    403: User must to login.
29/10/2018 19:31:11    403: User must to login.
29/10/2018 19:31:12    403: User must to login.
29/10/2018 19:31:13    403: User must to login.
29/10/2018 19:31:14    403: User must to login.
29/10/2018 19:31:15    403: User must to login.
29/10/2018 19:31:16    403: User must to login.
29/10/2018 19:31:23    403: User must to login.
29/10/2018 19:31:24    403: User must to login.
29/10/2018 19:31:25    403: User must to login.
29/10/2018 19:31:33    403: User must to login.
29/10/2018 19:31:34    403: User must to login.
29/10/2018 19:31:34    403: User must to login.
29/10/2018 19:31:58    403: User must to login.
29/10/2018 19:32:12    403: User must to login.
29/10/2018 19:32:13    200: User login.
29/10/2018 19:32:13    200: User: admin get messages.
29/10/2018 19:32:14    200: User: admin get messages.
29/10/2018 19:32:15    200: User: admin get messages.
29/10/2018 19:32:16    401: User: admin logout
29/10/2018 19:32:17    403: User must to login.
29/10/2018 19:32:30    403: User must to login.
29/10/2018 19:32:55    403: User must to login.
29/10/2018 19:33:18    403: User must to login.
29/10/2018 19:33:23    403: User must to login.
29/10/2018 19:34:32    403: User must to login.
29/10/2018 19:34:47    403: User must to login.
29/10/2018 19:34:52    403: User must to login.
29/10/2018 19:35:01    403: User must to login.
29/10/2018 19:35:08    403: User must to login.
29/10/2018 19:35:30    403: User must to login.
29/10/2018 19:35:31    403: User must to login.
29/10/2018 19:35:59    403: User must to login.
29/10/2018 19:38:05    403: User must to login.
29/10/2018 19:38:19    403: User must to login.
29/10/2018 19:38:30    403: User must to login.
29/10/2018 19:38:51    403: User must to login.
29/10/2018 19:39:05    403: User must to login.
29/10/2018 19:39:09    403: User must to login.
29/10/2018 19:40:27    403: User must to login.
29/10/2018 19:41:31    403: User must to login.
29/10/2018 19:41:33    403: User must to login.
29/10/2018 19:41:35    200: User login.
29/10/2018 19:41:35    200: User: admin get messages.
29/10/2018 19:41:36    200: User: admin get messages.
29/10/2018 19:41:37    200: Useradminpost message.
29/10/2018 19:41:37    200: User: admin get messages.
29/10/2018 19:41:38    200: User: admin get messages.
29/10/2018 19:41:38    401: User: admin logout
29/10/2018 20:19:47    403: User must to login.
29/10/2018 20:19:48    200: User login.
29/10/2018 20:19:48    200: User: admin get messages.
29/10/2018 20:19:49    200: User: admin get messages.
29/10/2018 20:19:50    200: User: admin get messages.
29/10/2018 20:19:51    200: User: admin get messages.
29/10/2018 20:19:52    200: User: admin get messages.
29/10/2018 20:19:53    200: User: admin get messages.
29/10/2018 20:19:54    200: User: admin get messages.
29/10/2018 20:19:56    200: User: admin get messages.
29/10/2018 20:19:57    200: User: admin get messages.
29/10/2018 20:19:58    200: User: admin get messages.
29/10/2018 20:19:59    200: User: admin get messages.
29/10/2018 20:20:00    200: User: admin get messages.
29/10/2018 20:20:01    200: User: admin get messages.
29/10/2018 20:20:02    200: User: admin get messages.
29/10/2018 20:20:03    200: User: admin get messages.
29/10/2018 20:20:04    200: User: admin get messages.
29/10/2018 20:20:05    200: User: admin get messages.
29/10/2018 20:20:06    200: User: admin get messages.
29/10/2018 20:20:07    200: User: admin get messages.
29/10/2018 20:20:08    200: User: admin get messages.
29/10/2018 20:20:09    200: User: admin get messages.
29/10/2018 20:20:10    200: User: admin get messages.
29/10/2018 20:20:12    200: User: admin get messages.
29/10/2018 20:20:13    200: User: admin get messages.
29/10/2018 20:20:14    200: User: admin get messages.
29/10/2018 20:20:15    200: User: admin get messages.
29/10/2018 20:20:16    200: User: admin get messages.
29/10/2018 20:20:17    200: User: admin get messages.
29/10/2018 20:20:18    200: User: admin get messages.
29/10/2018 20:20:18    401: User: admin logout
29/10/2018 20:20:22    200: Incorrect username or password.
29/10/2018 20:20:22    403: User must to login.
29/10/2018 20:20:30    403: User must to login.
29/10/2018 20:20:39    200: User login.
29/10/2018 20:20:39    200: User: admin get messages.
29/10/2018 20:20:40    200: User: admin get messages.
29/10/2018 20:20:41    200: User: admin get messages.
29/10/2018 20:20:42    200: User: admin get messages.
29/10/2018 20:20:42    200: User: admin get messages.
29/10/2018 20:20:43    200: User: admin get messages.
29/10/2018 20:20:44    401: User: admin logout
29/10/2018 20:20:45    200: User login.
29/10/2018 20:20:45    200: User: admin get messages.
29/10/2018 20:20:46    200: User: admin get messages.
29/10/2018 20:20:47    401: User: admin logout
29/10/2018 20:23:22    200: Incorrect username or password.
29/10/2018 20:23:22    403: User must to login.
29/10/2018 20:24:12    403: User must to login.
29/10/2018 20:24:14    200: User login.
29/10/2018 20:24:14    200: User: admin get messages.
29/10/2018 20:24:15    200: User: admin get messages.
29/10/2018 20:24:16    200: User: admin get messages.
29/10/2018 20:24:17    200: User: admin get messages.
29/10/2018 20:24:18    200: User: admin get messages.
29/10/2018 20:24:19    200: User: admin get messages.
29/10/2018 20:24:20    200: User: admin get messages.
29/10/2018 20:24:21    200: User: admin get messages.
29/10/2018 20:24:22    200: User: admin get messages.
29/10/2018 20:24:23    200: User: admin get messages.
29/10/2018 20:24:24    200: User: admin get messages.
29/10/2018 20:24:25    200: User: admin get messages.
29/10/2018 20:24:26    401: User: admin logout
29/10/2018 20:24:27    200: User login.
29/10/2018 20:24:27    200: User: admin get messages.
29/10/2018 20:24:28    200: User: admin get messages.
29/10/2018 20:24:29    200: User: admin get messages.
29/10/2018 20:24:30    200: User: admin get messages.
29/10/2018 20:24:31    200: User: admin get messages.
29/10/2018 20:24:32    200: User: admin get messages.
29/10/2018 20:24:33    200: User: admin get messages.
29/10/2018 20:24:34    200: User: admin get messages.
29/10/2018 20:24:35    200: User: admin get messages.
29/10/2018 20:24:36    200: User: admin get messages.
29/10/2018 20:24:37    200: User: admin get messages.
29/10/2018 20:24:39    200: User: admin get messages.
29/10/2018 20:24:40    200: User: admin get messages.
29/10/2018 20:24:41    200: User: admin get messages.
29/10/2018 20:24:42    200: User: admin get messages.
29/10/2018 20:24:43    200: User: admin get messages.
29/10/2018 20:24:44    200: User: admin get messages.
29/10/2018 20:24:45    200: User: admin get messages.
29/10/2018 20:24:47    200: User: admin get messages.
29/10/2018 20:24:48    200: User: admin get messages.
29/10/2018 20:24:49    200: User: admin get messages.
29/10/2018 20:24:50    200: User: admin get messages.
29/10/2018 20:24:51    200: User: admin get messages.
29/10/2018 20:24:52    200: User: admin get messages.
29/10/2018 20:24:53    200: User: admin get messages.
29/10/2018 20:24:54    200: User: admin get messages.
29/10/2018 20:24:55    200: User: admin get messages.
29/10/2018 20:24:56    200: User: admin get messages.
29/10/2018 20:24:57    200: User: admin get messages.
29/10/2018 20:24:58    200: User: admin get messages.
29/10/2018 20:24:59    200: User: admin get messages.
29/10/2018 20:25:00    200: User: admin get messages.
29/10/2018 20:25:01    200: User: admin get messages.
29/10/2018 20:25:02    200: User: admin get messages.
29/10/2018 20:25:03    200: User: admin get messages.
29/10/2018 20:25:04    200: User: admin get messages.
29/10/2018 20:25:05    200: User: admin get messages.
29/10/2018 20:25:07    200: User: admin get messages.
29/10/2018 20:25:08    200: User: admin get messages.
29/10/2018 20:25:09    200: User: admin get messages.
29/10/2018 20:25:10    200: User: admin get messages.
29/10/2018 20:25:11    200: User: admin get messages.
29/10/2018 20:25:12    200: User: admin get messages.
29/10/2018 20:25:13    200: User: admin get messages.
29/10/2018 20:25:14    200: User: admin get messages.
29/10/2018 20:25:15    200: User: admin get messages.
29/10/2018 20:25:16    200: User: admin get messages.
29/10/2018 20:25:17    200: User: admin get messages.
29/10/2018 20:25:18    200: User: admin get messages.
29/10/2018 20:25:19    200: User: admin get messages.
29/10/2018 20:25:20    200: User: admin get messages.
29/10/2018 20:25:21    200: User: admin get messages.
29/10/2018 20:25:22    200: User: admin get messages.
29/10/2018 20:25:23    200: User: admin get messages.
29/10/2018 20:25:24    401: User: admin logout
29/10/2018 20:25:27    200: Incorrect username or password.
29/10/2018 20:25:27    403: User must to login.
29/10/2018 20:25:28    403: User must to login.
29/10/2018 20:25:30    403: User must to login.
29/10/2018 20:25:34    200: Incorrect username or password.
29/10/2018 20:25:35    200: Incorrect username or password.
29/10/2018 20:25:36    200: Incorrect username or password.
29/10/2018 20:25:51    200: User login.
29/10/2018 20:25:51    200: User: admin get messages.
29/10/2018 20:25:52    200: User: admin get messages.
29/10/2018 20:25:53    401: User: admin logout
29/10/2018 20:26:36    403: User must to login.
29/10/2018 20:26:42    200: User login.
29/10/2018 20:26:42    200: User: admin get messages.
29/10/2018 20:26:43    200: User: admin get messages.
29/10/2018 20:26:43    401: User: admin logout
29/10/2018 20:28:54    403: User must to login.
29/10/2018 20:28:56    200: User login.
29/10/2018 20:29:00    401: Incorrect username or password.
29/10/2018 20:29:01    401: Incorrect username or password.
29/10/2018 20:29:02    401: Incorrect username or password.
29/10/2018 20:29:49    200: User: admin get messages.
29/10/2018 20:29:50    200: User: admin get messages.
29/10/2018 20:29:51    200: User: admin get messages.
29/10/2018 20:29:52    401: User: admin logout
29/10/2018 20:29:53    200: User login.
29/10/2018 20:29:53    200: User: admin get messages.
29/10/2018 20:29:54    200: User: admin get messages.
29/10/2018 20:29:55    401: User: admin logout
29/10/2018 20:29:59    401: Incorrect username or password.
29/10/2018 20:41:18    403: User must to login.
29/10/2018 20:42:14    403: User must to login.
29/10/2018 20:44:32    403: User must to login.
29/10/2018 20:45:02    403: User must to login.
29/10/2018 20:45:07    403: User must to login.
29/10/2018 21:27:28    403: User must to login.
29/10/2018 21:27:29    403: User must to login.
29/10/2018 21:28:44    403: User must to login.
29/10/2018 21:29:19    403: User must to login.
29/10/2018 21:30:24    403: User must to login.
29/10/2018 21:30:30    403: User must to login.
29/10/2018 21:30:32    404: Database dose not exist C
29/10/2018 21:30:33    404: Database dose not exist C
29/10/2018 21:32:06    403: User must to login.
29/10/2018 21:32:08    404: Database dose not exist C
29/10/2018 21:32:47    403: User must to login.
29/10/2018 21:32:50    404: Database dose not exist :
29/10/2018 21:32:54    404: Database dose not exist :
29/10/2018 21:33:12    403: User must to login.
29/10/2018 21:33:14    404: Database dose not exist C
29/10/2018 21:33:16    403: User must to login.
29/10/2018 21:33:30    404: Database dose not exist C
29/10/2018 21:34:07    404: Database dose not exist C
29/10/2018 21:37:10    404: Database dose not exist 
29/10/2018 21:37:22    404: Database dose not exist 
29/10/2018 21:37:35    403: User must to login.
29/10/2018 21:37:40    404: Database dose not exist 
29/10/2018 21:37:45    404: Database dose not exist 
29/10/2018 21:38:23    404: Database dose not exist 
29/10/2018 21:39:13    404: Database dose not exist 
29/10/2018 21:39:30    404: Database dose not exist 123
29/10/2018 21:40:04    200: User login.
29/10/2018 21:40:43    404: Database dose not exist 
29/10/2018 21:40:59    404: Database dose not exist 
29/10/2018 21:41:08    404: Database dose not exist 
29/10/2018 21:41:32    403: Database is locked 
29/10/2018 21:41:38    200: User login.
29/10/2018 21:42:15    200: User login.
29/10/2018 21:42:43    200: User login.
29/10/2018 21:43:08    200: User login.
29/10/2018 21:43:24    200: User login.
29/10/2018 21:43:42    200: User login.
29/10/2018 21:43:47    200: User login.
29/10/2018 21:43:47    404: Database dose not exist 
29/10/2018 21:43:49    404: Database dose not exist 
29/10/2018 21:43:53    200: User login.
29/10/2018 21:43:53    404: Database dose not exist 
29/10/2018 21:44:04    200: User login.
29/10/2018 21:44:06    200: User login.
29/10/2018 21:44:11    404: Database dose not exist 
29/10/2018 21:44:33    404: Database dose not exist 
29/10/2018 21:44:40    404: Database dose not exist 
29/10/2018 21:44:40    404: Database dose not exist 
29/10/2018 21:45:33    404: Database dose not exist 
29/10/2018 21:46:08    200: User: admin get messages.
29/10/2018 21:46:18    200: User: admin get messages.
29/10/2018 21:46:34    200: User: admin get messages.
29/10/2018 21:46:34    200: User: admin get messages.
29/10/2018 21:46:35    200: User: admin get messages.
29/10/2018 21:46:36    200: User: admin get messages.
29/10/2018 21:46:37    401: User: admin logout
29/10/2018 21:46:38    200: User login.
29/10/2018 21:46:38    200: User: admin get messages.
29/10/2018 21:46:39    200: User: admin get messages.
29/10/2018 21:46:40    200: User: admin get messages.
29/10/2018 21:46:41    200: User: admin get messages.
29/10/2018 21:46:42    200: User: admin get messages.
29/10/2018 21:46:42    200: Useradminpost message.
29/10/2018 21:46:42    200: User: admin get messages.
29/10/2018 21:46:43    200: User: admin get messages.
29/10/2018 21:46:44    200: User: admin get messages.
29/10/2018 21:46:44    200: User: admin get messages.
29/10/2018 21:46:46    200: User: admin get messages.
29/10/2018 21:46:47    200: User: admin get messages.
29/10/2018 21:46:48    200: User: admin get messages.
29/10/2018 21:46:49    200: User: admin get messages.
29/10/2018 21:46:50    200: User: admin get messages.
29/10/2018 21:46:50    200: Useradminpost message.
29/10/2018 21:46:50    200: User: admin get messages.
29/10/2018 21:46:51    200: User: admin get messages.
29/10/2018 21:46:52    200: Useradminpost message.
29/10/2018 21:46:52    200: User: admin get messages.
29/10/2018 21:46:53    200: User: admin get messages.
29/10/2018 21:46:54    200: User: admin get messages.
29/10/2018 21:46:55    200: Useradminpost message.
29/10/2018 21:46:55    200: User: admin get messages.
29/10/2018 21:46:56    200: User: admin get messages.
29/10/2018 21:46:57    200: User: admin get messages.
29/10/2018 21:46:58    200: User: admin get messages.
29/10/2018 21:46:59    200: User: admin get messages.
29/10/2018 21:47:00    200: User: admin get messages.
29/10/2018 21:47:01    200: Useradminpost message.
29/10/2018 21:47:01    200: User: admin get messages.
29/10/2018 21:47:02    200: User: admin get messages.
29/10/2018 21:47:03    200: User: admin get messages.
29/10/2018 21:47:04    200: User: admin get messages.
29/10/2018 21:47:05    401: User: admin logout
29/10/2018 21:47:06    200: User login.
29/10/2018 21:47:06    200: User: admin get messages.
29/10/2018 21:47:07    200: User: admin get messages.
29/10/2018 21:47:08    200: Useradminpost message.
29/10/2018 21:47:08    200: User: admin get messages.
29/10/2018 21:47:09    200: User: admin get messages.
29/10/2018 21:47:09    200: Useradminpost message.
29/10/2018 21:47:10    200: User: admin get messages.
29/10/2018 21:47:11    200: User: admin get messages.
29/10/2018 21:47:12    200: User: admin get messages.
29/10/2018 21:47:13    200: User: admin get messages.
29/10/2018 21:47:14    200: User: admin get messages.
29/10/2018 21:47:15    200: User: admin get messages.
29/10/2018 21:47:16    200: User: admin get messages.
29/10/2018 21:47:17    200: User: admin get messages.
29/10/2018 21:47:18    200: User: admin get messages.
29/10/2018 21:47:19    200: Useradminpost message.
29/10/2018 21:47:21    200: User: admin get messages.
29/10/2018 21:47:24    200: User: admin get messages.
29/10/2018 21:47:26    200: User login.
29/10/2018 21:47:31    200: User: admin get messages.
29/10/2018 21:47:33    200: User: admin get messages.
29/10/2018 21:47:36    200: User: admin get messages.
29/10/2018 21:47:39    200: User: admin get messages.
29/10/2018 21:47:42    200: User: admin get messages.
29/10/2018 21:47:43    200: Useradminpost message.
29/10/2018 21:47:45    200: User: admin get messages.
29/10/2018 21:47:49    200: User: admin get messages.
29/10/2018 21:47:52    200: User: admin get messages.
29/10/2018 21:47:55    200: User: admin get messages.
29/10/2018 21:47:58    200: User: admin get messages.
29/10/2018 21:48:01    200: User: admin get messages.
29/10/2018 21:48:04    200: User: admin get messages.
29/10/2018 21:48:07    200: User: admin get messages.
29/10/2018 21:48:10    200: User: admin get messages.
29/10/2018 21:48:14    200: User: admin get messages.
29/10/2018 21:48:17    200: User: admin get messages.
29/10/2018 21:48:20    200: User: admin get messages.
29/10/2018 21:48:23    200: User: admin get messages.
29/10/2018 21:48:26    200: User: admin get messages.
29/10/2018 21:48:29    200: User: admin get messages.
29/10/2018 21:48:32    200: User: admin get messages.
29/10/2018 21:48:35    200: User: admin get messages.
29/10/2018 21:48:38    200: User: admin get messages.
29/10/2018 21:48:41    200: User: admin get messages.
29/10/2018 21:48:44    200: User: admin get messages.
29/10/2018 21:48:47    200: User: admin get messages.
29/10/2018 21:48:50    200: User: admin get messages.
29/10/2018 21:48:53    200: User: admin get messages.
29/10/2018 21:48:56    200: User: admin get messages.
29/10/2018 21:48:59    200: User: admin get messages.
29/10/2018 21:49:02    200: User: admin get messages.
29/10/2018 21:49:05    200: User: admin get messages.
29/10/2018 21:49:08    200: User: admin get messages.
29/10/2018 21:49:11    200: User: admin get messages.
29/10/2018 21:49:14    200: User: admin get messages.
29/10/2018 21:49:17    200: User: admin get messages.
29/10/2018 21:49:20    200: User: admin get messages.
29/10/2018 21:49:23    200: User: admin get messages.
29/10/2018 21:49:26    200: User: admin get messages.
29/10/2018 21:49:29    200: User: admin get messages.
29/10/2018 21:49:32    200: User: admin get messages.
29/10/2018 21:49:35    200: User: admin get messages.
29/10/2018 21:49:38    200: User: admin get messages.
29/10/2018 21:49:41    200: User: admin get messages.
29/10/2018 21:49:44    200: User: admin get messages.
29/10/2018 21:49:48    200: User: admin get messages.
29/10/2018 21:49:51    200: User: admin get messages.
29/10/2018 21:49:54    200: User: admin get messages.
29/10/2018 21:49:57    200: User: admin get messages.
29/10/2018 21:50:00    200: User: admin get messages.
29/10/2018 21:50:03    200: User: admin get messages.
29/10/2018 21:50:06    200: User: admin get messages.
29/10/2018 21:50:09    200: User: admin get messages.
29/10/2018 21:50:12    200: User: admin get messages.
29/10/2018 21:50:15    200: User: admin get messages.
29/10/2018 21:50:18    200: User: admin get messages.
29/10/2018 21:50:21    200: User: admin get messages.
29/10/2018 21:50:24    200: User: admin get messages.
29/10/2018 21:50:27    200: User: admin get messages.
29/10/2018 21:50:30    200: User: admin get messages.
29/10/2018 21:50:33    200: User: admin get messages.
29/10/2018 21:50:36    200: User: admin get messages.
29/10/2018 21:50:39    200: User: admin get messages.
29/10/2018 21:50:42    200: User: admin get messages.
29/10/2018 21:50:45    200: User: admin get messages.
29/10/2018 21:50:48    200: User: admin get messages.
29/10/2018 21:50:51    200: User: admin get messages.
29/10/2018 21:50:54    200: User: admin get messages.
29/10/2018 21:50:57    200: User: admin get messages.
29/10/2018 21:51:00    200: User: admin get messages.
29/10/2018 21:51:03    200: User: admin get messages.
29/10/2018 21:51:06    200: User: admin get messages.
29/10/2018 21:51:09    200: User: admin get messages.
29/10/2018 21:51:12    200: User: admin get messages.
29/10/2018 21:51:15    200: User: admin get messages.
29/10/2018 21:51:18    200: User: admin get messages.
29/10/2018 21:51:21    200: User: admin get messages.
29/10/2018 21:51:24    200: User: admin get messages.
29/10/2018 21:51:27    200: User: admin get messages.
29/10/2018 21:51:30    200: User: admin get messages.
29/10/2018 21:51:33    200: User: admin get messages.
29/10/2018 21:51:36    200: User: admin get messages.
29/10/2018 21:51:39    200: User: admin get messages.
29/10/2018 21:51:42    200: User: admin get messages.
29/10/2018 21:51:45    200: User: admin get messages.
29/10/2018 21:51:48    200: User: admin get messages.
29/10/2018 21:51:52    200: User: admin get messages.
29/10/2018 21:51:55    200: User: admin get messages.
29/10/2018 21:51:58    200: User: admin get messages.
29/10/2018 21:52:01    200: User: admin get messages.
29/10/2018 21:52:04    200: User: admin get messages.
29/10/2018 21:52:07    200: User: admin get messages.
29/10/2018 21:52:10    200: User: admin get messages.
29/10/2018 21:52:13    200: User: admin get messages.
29/10/2018 21:52:16    200: User: admin get messages.
29/10/2018 21:52:19    200: User: admin get messages.
29/10/2018 21:52:22    200: User: admin get messages.
29/10/2018 21:52:25    200: User: admin get messages.
29/10/2018 21:52:28    200: User: admin get messages.
29/10/2018 21:52:31    200: User: admin get messages.
29/10/2018 21:52:34    200: User: admin get messages.
29/10/2018 21:52:37    200: User: admin get messages.
29/10/2018 21:52:40    200: User: admin get messages.
29/10/2018 21:52:43    200: User: admin get messages.
29/10/2018 21:52:46    200: User: admin get messages.
29/10/2018 21:52:49    200: User: admin get messages.
29/10/2018 21:52:52    200: User: admin get messages.
29/10/2018 21:52:55    200: User: admin get messages.
29/10/2018 21:52:58    200: User: admin get messages.
29/10/2018 21:53:01    200: User: admin get messages.
29/10/2018 21:53:04    200: User: admin get messages.
29/10/2018 21:53:07    200: User: admin get messages.
29/10/2018 21:53:10    200: User: admin get messages.
29/10/2018 21:53:13    200: User: admin get messages.
29/10/2018 21:53:16    200: User: admin get messages.
29/10/2018 21:53:19    200: User: admin get messages.
29/10/2018 21:53:22    200: User: admin get messages.
29/10/2018 21:53:25    200: User: admin get messages.
29/10/2018 21:53:28    200: User: admin get messages.
29/10/2018 21:53:31    200: User: admin get messages.
29/10/2018 21:53:34    200: User: admin get messages.
29/10/2018 21:53:37    200: User: admin get messages.
29/10/2018 21:53:40    200: User: admin get messages.
29/10/2018 21:53:43    200: User: admin get messages.
29/10/2018 21:53:46    200: User: admin get messages.
29/10/2018 21:53:49    200: User: admin get messages.
29/10/2018 21:53:53    200: User: admin get messages.
29/10/2018 21:53:56    200: User: admin get messages.
29/10/2018 21:53:59    200: User: admin get messages.
29/10/2018 21:54:02    200: User: admin get messages.
29/10/2018 21:54:05    200: User: admin get messages.
29/10/2018 21:54:08    200: User: admin get messages.
29/10/2018 21:54:11    200: User: admin get messages.
29/10/2018 21:54:12    200: User: admin get messages.
29/10/2018 21:54:12    200: User login.
29/10/2018 21:54:12    200: User: admin get messages.
29/10/2018 21:54:13    200: User: admin get messages.
29/10/2018 21:54:13    200: User: admin get messages.
29/10/2018 21:54:14    200: User: admin get messages.
29/10/2018 21:54:14    200: User: admin get messages.
29/10/2018 21:54:14    200: Useradminpost message.
29/10/2018 21:54:14    200: User: admin get messages.
29/10/2018 21:54:15    200: User: admin get messages.
29/10/2018 21:54:15    200: User: admin get messages.
29/10/2018 21:54:16    200: User: admin get messages.
29/10/2018 21:54:16    200: User: admin get messages.
29/10/2018 21:54:17    200: User: admin get messages.
29/10/2018 21:54:17    200: User: admin get messages.
29/10/2018 21:54:18    200: User: admin get messages.
29/10/2018 21:54:18    200: User: admin get messages.
29/10/2018 21:54:19    200: Useradminpost message.
29/10/2018 21:54:21    200: User: admin get messages.
29/10/2018 21:54:21    200: User: admin get messages.
29/10/2018 21:54:24    200: User: admin get messages.
29/10/2018 21:54:24    200: User: admin get messages.
29/10/2018 21:54:27    200: User: admin get messages.
29/10/2018 21:54:27    200: User: admin get messages.
29/10/2018 21:54:30    200: User: admin get messages.
29/10/2018 21:54:30    200: User: admin get messages.
29/10/2018 21:54:33    200: User: admin get messages.
29/10/2018 21:54:33    200: User: admin get messages.
29/10/2018 21:54:36    200: User: admin get messages.
29/10/2018 21:54:36    200: User: admin get messages.
29/10/2018 21:54:37    200: User login.
29/10/2018 21:54:39    200: User: admin get messages.
29/10/2018 21:54:39    200: User: admin get messages.
29/10/2018 21:54:40    200: User: admin get messages.
29/10/2018 21:54:42    200: User: admin get messages.
29/10/2018 21:54:42    200: User: admin get messages.
29/10/2018 21:54:43    200: User: admin get messages.
29/10/2018 21:54:44    200: Useradminpost message.
29/10/2018 21:54:45    200: User: admin get messages.
29/10/2018 21:54:45    200: User: admin get messages.
29/10/2018 21:54:46    200: User: admin get messages.
29/10/2018 21:54:48    200: User: admin get messages.
29/10/2018 21:54:48    200: User: admin get messages.
29/10/2018 21:54:49    200: User: admin get messages.
29/10/2018 21:54:51    200: User: admin get messages.
29/10/2018 21:54:51    200: User: admin get messages.
29/10/2018 21:54:52    200: User: admin get messages.
29/10/2018 21:54:54    200: User: admin get messages.
29/10/2018 21:54:54    200: User: admin get messages.
29/10/2018 21:54:55    200: User: admin get messages.
29/10/2018 21:54:57    200: User: admin get messages.
29/10/2018 21:54:57    200: User: admin get messages.
29/10/2018 21:54:58    200: User: admin get messages.
29/10/2018 21:55:00    200: User: admin get messages.
29/10/2018 21:55:01    200: User: admin get messages.
29/10/2018 21:55:01    200: User: admin get messages.
29/10/2018 21:55:03    200: User: admin get messages.
29/10/2018 21:55:04    200: User: admin get messages.
29/10/2018 21:55:04    200: User: admin get messages.
29/10/2018 21:55:06    200: User: admin get messages.
29/10/2018 21:55:07    200: User: admin get messages.
29/10/2018 21:55:07    200: User: admin get messages.
29/10/2018 21:55:09    200: User: admin get messages.
29/10/2018 21:55:10    200: User: admin get messages.
29/10/2018 21:55:10    200: User: admin get messages.
29/10/2018 21:55:15    200: User: admin get messages.
29/10/2018 21:55:17    200: User: admin get messages.
29/10/2018 21:55:20    200: User: admin get messages.
29/10/2018 21:55:23    200: User: admin get messages.
29/10/2018 21:55:26    200: Useradminpost message.
29/10/2018 21:55:28    200: User: admin get messages.
29/10/2018 21:55:31    200: User: admin get messages.
29/10/2018 21:55:33    200: Useradminpost message.
29/10/2018 21:55:35    200: User: admin get messages.
29/10/2018 21:55:38    200: User: admin get messages.
29/10/2018 21:55:41    200: User: admin get messages.
29/10/2018 21:55:44    200: User: admin get messages.
29/10/2018 21:55:47    200: User: admin get messages.
29/10/2018 21:55:50    200: User: admin get messages.
29/10/2018 21:55:53    200: User: admin get messages.
29/10/2018 21:55:56    200: User: admin get messages.
29/10/2018 21:55:59    200: User: admin get messages.
29/10/2018 21:56:02    200: User: admin get messages.
29/10/2018 21:56:05    200: User: admin get messages.
29/10/2018 21:56:09    200: User: admin get messages.
29/10/2018 21:56:12    200: User: admin get messages.
29/10/2018 21:56:15    200: User: admin get messages.
29/10/2018 21:56:18    200: User: admin get messages.
29/10/2018 21:56:21    200: User: admin get messages.
29/10/2018 21:56:24    200: User: admin get messages.
29/10/2018 21:56:27    200: User: admin get messages.
29/10/2018 21:56:30    200: User: admin get messages.
29/10/2018 21:56:33    200: User: admin get messages.
29/10/2018 21:56:36    200: User: admin get messages.
29/10/2018 21:56:39    200: User: admin get messages.
29/10/2018 21:56:41    200: User: admin get messages.
29/10/2018 21:56:41    200: User: admin get messages.
29/10/2018 21:56:42    200: User: admin get messages.
29/10/2018 21:56:43    200: User: admin get messages.
29/10/2018 21:56:44    200: User: admin get messages.
29/10/2018 21:56:45    200: User: admin get messages.
29/10/2018 21:56:48    200: User: admin get messages.
29/10/2018 21:56:50    200: Useradminpost message.
29/10/2018 21:56:51    200: User: admin get messages.
29/10/2018 21:56:52    200: User: admin get messages.
29/10/2018 21:56:54    200: User: admin get messages.
29/10/2018 21:56:55    200: User: admin get messages.
29/10/2018 21:56:57    200: User: admin get messages.
29/10/2018 21:56:58    200: Useradminpost message.
29/10/2018 21:56:58    200: User: admin get messages.
29/10/2018 21:57:00    200: User: admin get messages.
29/10/2018 21:57:00    200: User: admin get messages.
29/10/2018 21:57:01    200: User: admin get messages.
29/10/2018 21:57:03    200: User: admin get messages.
29/10/2018 21:57:03    200: Useradminpost message.
29/10/2018 21:57:04    200: User: admin get messages.
29/10/2018 21:57:04    200: User: admin get messages.
29/10/2018 21:57:05    200: User: admin get messages.
29/10/2018 21:57:06    200: User: admin get messages.
29/10/2018 21:57:07    200: User: admin get messages.
29/10/2018 21:57:07    200: User: admin get messages.
29/10/2018 21:57:08    200: User: admin get messages.
29/10/2018 21:57:09    200: User: admin get messages.
29/10/2018 21:57:10    200: User: admin get messages.
29/10/2018 21:57:10    200: User: admin get messages.
29/10/2018 21:57:11    200: User: admin get messages.
29/10/2018 21:57:12    200: User: admin get messages.
29/10/2018 21:57:13    200: User: admin get messages.
29/10/2018 21:57:13    200: User: admin get messages.
29/10/2018 21:57:14    200: User: admin get messages.
29/10/2018 21:57:15    200: User: admin get messages.
29/10/2018 21:57:16    200: User: admin get messages.
29/10/2018 21:57:16    200: User: admin get messages.
29/10/2018 21:57:17    200: User: admin get messages.
29/10/2018 21:57:18    200: User: admin get messages.
29/10/2018 21:57:19    200: User: admin get messages.
29/10/2018 21:57:19    200: User: admin get messages.
29/10/2018 21:57:20    200: User: admin get messages.
29/10/2018 21:57:20    200: User: admin get messages.
29/10/2018 21:57:21    200: User: admin get messages.
29/10/2018 21:57:22    200: User: admin get messages.
29/10/2018 21:57:23    200: User: admin get messages.
29/10/2018 21:57:24    200: User: admin get messages.
29/10/2018 21:57:25    200: User: admin get messages.
29/10/2018 21:57:27    200: Useradminpost message.
29/10/2018 21:57:29    200: User: admin get messages.
29/10/2018 21:57:32    200: User: admin get messages.
29/10/2018 21:57:35    200: User: admin get messages.
29/10/2018 21:57:38    200: User: admin get messages.
29/10/2018 21:57:41    200: User: admin get messages.
29/10/2018 21:57:44    200: User: admin get messages.
29/10/2018 21:57:47    200: User: admin get messages.
29/10/2018 21:57:50    200: User: admin get messages.
29/10/2018 21:57:53    200: User: admin get messages.
29/10/2018 21:57:56    200: User: admin get messages.
29/10/2018 21:57:59    200: User: admin get messages.
29/10/2018 21:58:02    200: User: admin get messages.
29/10/2018 21:58:05    200: User: admin get messages.
29/10/2018 21:58:08    200: User: admin get messages.
29/10/2018 21:58:11    200: User: admin get messages.
29/10/2018 21:58:14    200: User: admin get messages.
29/10/2018 21:58:17    200: User: admin get messages.
29/10/2018 21:58:20    200: User: admin get messages.
29/10/2018 21:58:23    200: User: admin get messages.
29/10/2018 21:58:27    200: User: admin get messages.
29/10/2018 21:58:30    200: User: admin get messages.
29/10/2018 21:58:33    200: User: admin get messages.
29/10/2018 21:58:36    200: User: admin get messages.
29/10/2018 21:58:39    200: User: admin get messages.
29/10/2018 21:58:42    200: User: admin get messages.
29/10/2018 21:58:45    200: User: admin get messages.
29/10/2018 21:58:49    200: User: admin get messages.
29/10/2018 21:58:49    200: User: admin get messages.
29/10/2018 21:58:50    200: User: admin get messages.
29/10/2018 21:58:51    200: User: admin get messages.
29/10/2018 21:58:53    200: User: admin get messages.
29/10/2018 21:58:54    200: Useradminpost message.
29/10/2018 21:58:55    200: User: admin get messages.
29/10/2018 21:58:55    200: User: admin get messages.
29/10/2018 21:58:56    200: User: admin get messages.
29/10/2018 21:58:56    200: User: admin get messages.
29/10/2018 21:58:58    200: User: admin get messages.
29/10/2018 21:58:58    200: User: admin get messages.
29/10/2018 21:58:59    200: User: admin get messages.
29/10/2018 21:58:59    200: User: admin get messages.
29/10/2018 21:59:00    200: Useradminpost message.
29/10/2018 21:59:01    200: User: admin get messages.
29/10/2018 21:59:01    200: User: admin get messages.
29/10/2018 21:59:01    200: User: admin get messages.
29/10/2018 21:59:02    200: User: admin get messages.
29/10/2018 21:59:02    200: User: admin get messages.
29/10/2018 21:59:03    200: User: admin get messages.
29/10/2018 21:59:03    200: Useradminpost message.
29/10/2018 21:59:04    200: User: admin get messages.
29/10/2018 21:59:04    200: User: admin get messages.
29/10/2018 21:59:04    200: User: admin get messages.
29/10/2018 21:59:04    200: User: admin get messages.
29/10/2018 21:59:05    200: User: admin get messages.
29/10/2018 21:59:06    200: User: admin get messages.
29/10/2018 21:59:06    200: User: admin get messages.
29/10/2018 21:59:06    200: User: admin get messages.
29/10/2018 21:59:07    200: User: admin get messages.
29/10/2018 21:59:07    200: User: admin get messages.
29/10/2018 21:59:07    200: User: admin get messages.
29/10/2018 21:59:07    200: User: admin get messages.
29/10/2018 21:59:09    200: User: admin get messages.
29/10/2018 21:59:09    200: User: admin get messages.
29/10/2018 21:59:09    200: User: admin get messages.
29/10/2018 21:59:09    200: User: admin get messages.
29/10/2018 21:59:11    200: User: admin get messages.
29/10/2018 21:59:11    200: User: admin get messages.
29/10/2018 21:59:11    200: User: admin get messages.
29/10/2018 21:59:11    200: User: admin get messages.
29/10/2018 21:59:13    200: User: admin get messages.
29/10/2018 21:59:13    200: User: admin get messages.
29/10/2018 21:59:14    200: User: admin get messages.
29/10/2018 21:59:14    200: User: admin get messages.
29/10/2018 21:59:15    200: User: admin get messages.
29/10/2018 21:59:15    200: User: admin get messages.
29/10/2018 21:59:16    200: User: admin get messages.
29/10/2018 21:59:16    200: User: admin get messages.
29/10/2018 21:59:17    200: User: admin get messages.
29/10/2018 21:59:17    200: User: admin get messages.
29/10/2018 21:59:18    200: User: admin get messages.
29/10/2018 21:59:18    200: User: admin get messages.
29/10/2018 21:59:19    200: User: admin get messages.
29/10/2018 21:59:19    200: User: admin get messages.
29/10/2018 21:59:20    200: User: admin get messages.
29/10/2018 21:59:20    200: User: admin get messages.
29/10/2018 21:59:21    200: User: admin get messages.
29/10/2018 21:59:21    200: User: admin get messages.
29/10/2018 21:59:22    200: User: admin get messages.
29/10/2018 21:59:23    200: User: admin get messages.
29/10/2018 21:59:25    200: User: admin get messages.
29/10/2018 21:59:26    200: User: admin get messages.
29/10/2018 21:59:26    200: Useradminpost message.
29/10/2018 21:59:27    200: User: admin get messages.
29/10/2018 21:59:28    200: User: admin get messages.
29/10/2018 21:59:30    200: User: admin get messages.
29/10/2018 21:59:32    200: User: admin get messages.
29/10/2018 21:59:33    200: User: admin get messages.
29/10/2018 21:59:35    200: User: admin get messages.
29/10/2018 21:59:36    200: User: admin get messages.
29/10/2018 21:59:38    200: User: admin get messages.
29/10/2018 21:59:40    200: User: admin get messages.
29/10/2018 21:59:41    200: User: admin get messages.
29/10/2018 21:59:43    200: User: admin get messages.
29/10/2018 21:59:44    200: User: admin get messages.
29/10/2018 21:59:46    200: User: admin get messages.
29/10/2018 21:59:48    200: User: admin get messages.
29/10/2018 21:59:49    200: User: admin get messages.
29/10/2018 21:59:51    200: User: admin get messages.
29/10/2018 21:59:52    200: User: admin get messages.
29/10/2018 21:59:54    200: User: admin get messages.
29/10/2018 21:59:55    200: User: admin get messages.
29/10/2018 21:59:57    200: User: admin get messages.
29/10/2018 21:59:59    200: User: admin get messages.
29/10/2018 22:00:00    200: User: admin get messages.
29/10/2018 22:00:02    200: User: admin get messages.
29/10/2018 22:00:03    200: User: admin get messages.
29/10/2018 22:00:05    200: User: admin get messages.
29/10/2018 22:00:07    200: User: admin get messages.
29/10/2018 22:00:08    200: User: admin get messages.
29/10/2018 22:00:10    200: User: admin get messages.
29/10/2018 22:00:11    200: User: admin get messages.
29/10/2018 22:00:13    200: User: admin get messages.
29/10/2018 22:00:14    200: User: admin get messages.
29/10/2018 22:00:16    200: User: admin get messages.
29/10/2018 22:00:18    200: User: admin get messages.
29/10/2018 22:00:19    200: User: admin get messages.
29/10/2018 22:00:21    200: User: admin get messages.
29/10/2018 22:00:22    200: User: admin get messages.
29/10/2018 22:00:24    200: User: admin get messages.
29/10/2018 22:00:26    200: User: admin get messages.
29/10/2018 22:00:27    200: User: admin get messages.
29/10/2018 22:00:29    200: User: admin get messages.
29/10/2018 22:00:30    200: User: admin get messages.
29/10/2018 22:00:32    200: User: admin get messages.
29/10/2018 22:00:34    200: User: admin get messages.
29/10/2018 22:00:35    200: User: admin get messages.
29/10/2018 22:00:37    200: User: admin get messages.
29/10/2018 22:00:38    200: User: admin get messages.
29/10/2018 22:00:40    200: User: admin get messages.
29/10/2018 22:00:41    200: User: admin get messages.
29/10/2018 22:00:43    200: User: admin get messages.
29/10/2018 22:00:45    200: User: admin get messages.
29/10/2018 22:00:46    200: User: admin get messages.
29/10/2018 22:00:48    200: User: admin get messages.
29/10/2018 22:00:49    200: User: admin get messages.
29/10/2018 22:00:51    200: User: admin get messages.
29/10/2018 22:00:53    200: User: admin get messages.
29/10/2018 22:00:54    200: User: admin get messages.
29/10/2018 22:00:56    200: User: admin get messages.
29/10/2018 22:00:57    200: User: admin get messages.
29/10/2018 22:00:59    200: User: admin get messages.
29/10/2018 22:01:00    200: User: admin get messages.
29/10/2018 22:01:02    200: User: admin get messages.
29/10/2018 22:01:04    200: User: admin get messages.
29/10/2018 22:01:05    200: User: admin get messages.
29/10/2018 22:01:07    200: User: admin get messages.
29/10/2018 22:01:08    200: User: admin get messages.
29/10/2018 22:01:10    200: User: admin get messages.
29/10/2018 22:01:12    200: User: admin get messages.
29/10/2018 22:01:13    200: User: admin get messages.
29/10/2018 22:01:15    200: User: admin get messages.
29/10/2018 22:01:16    200: User: admin get messages.
29/10/2018 22:01:18    200: User: admin get messages.
29/10/2018 22:01:20    200: User: admin get messages.
29/10/2018 22:01:21    200: User: admin get messages.
29/10/2018 22:01:23    200: User: admin get messages.
29/10/2018 22:01:25    200: User: admin get messages.
29/10/2018 22:01:26    200: User: admin get messages.
29/10/2018 22:01:28    200: User: admin get messages.
29/10/2018 22:01:29    200: User: admin get messages.
29/10/2018 22:01:31    200: User: admin get messages.
29/10/2018 22:01:33    200: User: admin get messages.
29/10/2018 22:01:34    200: User: admin get messages.
29/10/2018 22:01:36    200: User: admin get messages.
29/10/2018 22:01:37    200: User: admin get messages.
29/10/2018 22:01:39    200: User: admin get messages.
29/10/2018 22:01:40    200: User: admin get messages.
29/10/2018 22:01:42    200: User: admin get messages.
29/10/2018 22:01:44    200: User: admin get messages.
29/10/2018 22:01:45    200: User: admin get messages.
29/10/2018 22:01:47    200: User: admin get messages.
29/10/2018 22:01:49    200: User: admin get messages.
29/10/2018 22:01:50    200: User: admin get messages.
29/10/2018 22:01:52    200: User: admin get messages.
29/10/2018 22:01:54    200: User: admin get messages.
29/10/2018 22:01:55    200: User: admin get messages.
29/10/2018 22:01:56    200: User: admin get messages.
29/10/2018 22:01:58    200: User: admin get messages.
29/10/2018 22:01:59    200: User: admin get messages.
29/10/2018 22:02:00    200: Useradminpost message.
29/10/2018 22:02:00    200: User: admin get messages.
29/10/2018 22:02:02    200: User: admin get messages.
29/10/2018 22:02:04    200: User: admin get messages.
29/10/2018 22:02:04    200: Useradminpost message.
29/10/2018 22:02:04    200: User: admin get messages.
29/10/2018 22:02:06    200: User: admin get messages.
29/10/2018 22:02:07    200: Useradminpost message.
29/10/2018 22:02:08    200: User: admin get messages.
29/10/2018 22:02:10    200: User: admin get messages.
29/10/2018 22:02:11    200: User: admin get messages.
29/10/2018 22:02:13    200: User: admin get messages.
29/10/2018 22:02:14    200: User: admin get messages.
29/10/2018 22:02:16    200: User: admin get messages.
29/10/2018 22:02:18    200: User: admin get messages.
29/10/2018 22:02:19    200: User: admin get messages.
29/10/2018 22:02:21    200: User: admin get messages.
29/10/2018 22:02:22    200: User: admin get messages.
29/10/2018 22:02:25    200: User: admin get messages.
29/10/2018 22:02:26    200: User: admin get messages.
29/10/2018 22:02:27    200: User: admin get messages.
29/10/2018 22:02:28    200: Useradminpost message.
29/10/2018 22:02:29    200: User: admin get messages.
29/10/2018 22:02:30    200: User: admin get messages.
29/10/2018 22:02:32    200: User: admin get messages.
29/10/2018 22:02:34    200: User: admin get messages.
29/10/2018 22:02:35    200: User: admin get messages.
29/10/2018 22:02:37    200: User: admin get messages.
29/10/2018 22:02:38    200: User: admin get messages.
29/10/2018 22:02:40    200: User: admin get messages.
29/10/2018 22:02:42    200: User: admin get messages.
29/10/2018 22:02:43    200: User: admin get messages.
29/10/2018 22:02:45    200: User: admin get messages.
29/10/2018 22:02:46    200: User: admin get messages.
29/10/2018 22:02:48    200: User: admin get messages.
29/10/2018 22:02:49    200: User: admin get messages.
29/10/2018 22:02:51    200: User: admin get messages.
29/10/2018 22:02:53    200: User: admin get messages.
29/10/2018 22:02:54    200: User: admin get messages.
29/10/2018 22:02:55    200: User: admin get messages.
29/10/2018 22:02:56    200: User: admin get messages.
29/10/2018 22:02:57    200: Useradminpost message.
29/10/2018 22:02:57    200: User: admin get messages.
29/10/2018 22:02:59    200: User: admin get messages.
29/10/2018 22:03:01    200: User: admin get messages.
29/10/2018 22:03:02    200: User: admin get messages.
29/10/2018 22:03:04    200: User: admin get messages.
29/10/2018 22:03:05    200: User: admin get messages.
29/10/2018 22:03:07    200: User: admin get messages.
29/10/2018 22:03:09    200: User: admin get messages.
29/10/2018 22:03:10    200: User: admin get messages.
29/10/2018 22:03:12    200: User: admin get messages.
29/10/2018 22:03:13    200: User: admin get messages.
29/10/2018 22:03:15    200: User: admin get messages.
29/10/2018 22:03:17    200: User: admin get messages.
29/10/2018 22:03:18    200: User: admin get messages.
29/10/2018 22:03:20    200: User: admin get messages.
29/10/2018 22:03:21    200: User: admin get messages.
29/10/2018 22:03:23    200: User: admin get messages.
29/10/2018 22:03:25    200: User: admin get messages.
29/10/2018 22:03:26    200: User: admin get messages.
29/10/2018 22:03:28    200: User: admin get messages.
29/10/2018 22:03:30    200: User: admin get messages.
29/10/2018 22:03:31    200: User: admin get messages.
29/10/2018 22:03:33    200: User: admin get messages.
29/10/2018 22:03:35    200: User: admin get messages.
29/10/2018 22:03:36    200: User: admin get messages.
29/10/2018 22:03:38    200: User: admin get messages.
29/10/2018 22:03:39    200: Useradminpost message.
29/10/2018 22:03:39    200: User: admin get messages.
29/10/2018 22:03:41    200: User: admin get messages.
29/10/2018 22:03:43    200: User: admin get messages.
29/10/2018 22:03:44    200: User: admin get messages.
29/10/2018 22:03:46    200: User: admin get messages.
29/10/2018 22:03:47    200: User: admin get messages.
29/10/2018 22:03:49    200: User: admin get messages.
29/10/2018 22:03:51    200: User: admin get messages.
29/10/2018 22:03:52    200: User: admin get messages.
29/10/2018 22:03:54    200: User: admin get messages.
29/10/2018 22:03:55    200: User: admin get messages.
29/10/2018 22:03:57    200: User: admin get messages.
29/10/2018 22:03:58    200: User: admin get messages.
29/10/2018 22:04:00    200: User: admin get messages.
29/10/2018 22:04:02    200: User: admin get messages.
29/10/2018 22:04:03    200: User: admin get messages.
29/10/2018 22:04:05    200: User: admin get messages.
